Generating 3D model for part MODULE-16CHANNEL-PWM_272971171.
	*Warning: No mapping for cell/part MODULE-16CHANNEL-PWM_272971171
Generating 3D model for part 3TESTPIN_1325198526.
	*Warning: No mapping for cell/part 3TESTPIN_1325198526
Generating 3D model for part CONNECTOR-XT60-POWER_1244746098.
	*Warning: No mapping for cell/part CONNECTOR-XT60-POWER_1244746098
Generating 3D model for part ESTOP_3071082655.
	*Warning: No mapping for cell/part ESTOP_3071082655
Generating 3D model for part BUTTON-NORAMAL-SWITCH_1388090123.
	*Warning: No mapping for cell/part BUTTON-NORAMAL-SWITCH_1388090123
Generating 3D model for part MCU-NUCLEO-STM32F446_2791632484.
	*Warning: No mapping for cell/part MCU-NUCLEO-STM32F446_2791632484
Generating 3D model for part MODULE_IMU_JY61_MPU6050_1315612332.
	*Warning: No mapping for cell/part MODULE_IMU_JY61_MPU6050_1315612332
Generating 3D model for part MY-LED_1402196824.
	*Warning: No mapping for cell/part MY-LED_1402196824
Generating 3D model for part RES-1/4W_2584229833.
	*Warning: No mapping for cell/part RES-1/4W_2584229833
Generating 3D model for part CAP0805_2584229833.
	*Warning: No mapping for cell/part CAP0805_2584229833
Generating 3D model for part MODULE_DISTANCE_GY-530_VL53L0X_709448486.
	*Warning: No mapping for cell/part MODULE_DISTANCE_GY-530_VL53L0X_709448486
Generating 3D model for part CAP-PO_3341295452.
	*Warning: No mapping for cell/part CAP-PO_3341295452
Generating 3D model for part CONNECTOR-KF129-7.62-2P_3929300684.
	*Warning: No mapping for cell/part CONNECTOR-KF129-7.62-2P_3929300684
Generating 3D model for part FET-IRLZ44N_236013308.
	*Warning: No mapping for cell/part FET-IRLZ44N_236013308
Generating 3D model for part MODULE_IMU_ADAFRUIT-BNO055_104348580.
	*Warning: No mapping for cell/part MODULE_IMU_ADAFRUIT-BNO055_104348580
Generating 3D model for part TESTPIN_3219705766.
	*Warning: No mapping for cell/part TESTPIN_3219705766
Generating 3D model for part REGULATOR-1117_754741559.
	*Warning: No mapping for cell/part REGULATOR-1117_754741559
Generating 3D model for part D1D40_2125953393.
	*Warning: No mapping for cell/part D1D40_2125953393
Generating 3D model for part FUSE_SOCKET_3489675904.
	*Warning: No mapping for cell/part FUSE_SOCKET_3489675904
Generating 3D model for part MTHOLE4_2985456872.
	*Warning: No mapping for cell/part MTHOLE4_2985456872
