Drill Listing
=============
Drill: .035  Tool: 1  Feed: 197  Speed: 550
X 118000  Y 159000
X 170000  Y 159000
X 118000  Y 232000
X 170000  Y 232000
X 127118  Y 612000
X 147118  Y 612000
X 137118  Y 612000
X 147118  Y 622000
X 127118  Y 622000
X 137118  Y 622000
X 201118  Y 622000
X 211118  Y 622000
X 221118  Y 622000
X 211118  Y 612000
X 221118  Y 612000
X 201118  Y 612000
X 246000  Y 599000
X 266000  Y 599000
X 246000  Y 569000
X 266000  Y 569000
X 250000  Y 541000
X 260000  Y 541000
X 240000  Y 541000
X 260000  Y 531000
X 240000  Y 531000
X 250000  Y 531000
X 250000  Y 301000
X 260000  Y 301000
X 240000  Y 301000
X 250000  Y 291000
X 240000  Y 291000
X 260000  Y 291000
X 251000  Y 259000
X 261000  Y 259000
X 251000  Y 209000
X 261000  Y 209000
X 314000  Y 132000
X 294000  Y 132000
X 314000  Y 142000
X 294000  Y 142000
X 314000  Y 152000
X 294000  Y 152000
X 281000  Y 209000
X 271000  Y 209000
X 281000  Y 259000
X 271000  Y 259000
X 270000  Y 291000
X 280000  Y 291000
X 290000  Y 291000
X 300000  Y 291000
X 310000  Y 291000
X 300000  Y 301000
X 310000  Y 301000
X 270000  Y 301000
X 280000  Y 301000
X 290000  Y 301000
X 300000  Y 531000
X 310000  Y 531000
X 270000  Y 531000
X 290000  Y 531000
X 280000  Y 531000
X 290000  Y 541000
X 280000  Y 541000
X 300000  Y 541000
X 310000  Y 541000
X 270000  Y 541000
X 275118  Y 612000
X 295118  Y 612000
X 285118  Y 612000
X 285118  Y 622000
X 295118  Y 622000
X 275118  Y 622000
X 349118  Y 622000
X 359118  Y 622000
X 349118  Y 612000
X 359118  Y 612000
X 320000  Y 541000
X 330000  Y 541000
X 340000  Y 541000
X 350000  Y 541000
X 360000  Y 541000
X 320000  Y 531000
X 330000  Y 531000
X 350000  Y 531000
X 360000  Y 531000
X 340000  Y 531000
X 330000  Y 301000
X 320000  Y 301000
X 350000  Y 301000
X 360000  Y 301000
X 340000  Y 301000
X 350000  Y 291000
X 360000  Y 291000
X 340000  Y 291000
X 330000  Y 291000
X 320000  Y 291000
X 334000  Y 152000
X 354000  Y 152000
X 354000  Y 142000
X 334000  Y 142000
X 354000  Y 132000
X 334000  Y 132000
X 387716  Y 184503
X 397716  Y 184503
X 387795  Y 259307
X 377795  Y 259307
X 407795  Y 259307
X 397795  Y 259307
X 390000  Y 291000
X 370000  Y 291000
X 380000  Y 291000
X 410000  Y 291000
X 400000  Y 291000
X 370000  Y 301000
X 380000  Y 301000
X 390000  Y 301000
X 410000  Y 301000
X 400000  Y 301000
X 380000  Y 531000
X 390000  Y 531000
X 370000  Y 531000
X 400000  Y 531000
X 410000  Y 531000
X 380000  Y 541000
X 370000  Y 541000
X 400000  Y 541000
X 390000  Y 541000
X 410000  Y 541000
X 386000  Y 571000
X 406000  Y 571000
X 386000  Y 601000
X 406000  Y 601000
X 369118  Y 612000
X 369118  Y 622000
X 465543  Y 564299
X 475543  Y 564299
X 485543  Y 564299
X 420000  Y 541000
X 420000  Y 531000
X 465543  Y 494299
X 475543  Y 494299
X 485543  Y 494299
X 484173  Y 439275
X 474173  Y 439275
X 464173  Y 439275
X 420000  Y 301000
X 420000  Y 291000
X 480000  Y 281795
X 460000  Y 281795
X 450000  Y 206000
X 460000  Y 206000
X 490000  Y 206000
X 470000  Y 206000
X 500000  Y 206000
X 510000  Y 206000
X 500000  Y 281795
X 494173  Y 439275
X 495543  Y 494299

Drill: .037  Tool: 2  Feed: 197  Speed: 550
X 235000  Y 482500
X 245000  Y 487500
X 120000  Y 520000
X 152500  Y 525000
X 207500  Y 535000
X 330000  Y 617500
X 335000  Y 577500
X 325000  Y 497500
X 345000  Y 455000
X 295000  Y 425000
X 285000  Y 319000
X 342500  Y 245000
X 385000  Y 425000
X 405000  Y 432500
X 415000  Y 500000
X 415000  Y 597500

Drill: .03937  Tool: 3  Feed: 197  Speed: 550
X 461952  Y 176803
X 466952  Y 186803
X 476952  Y 186803
X 486952  Y 186803
X 496952  Y 186803
X 471952  Y 176803
X 491952  Y 176803
X 481952  Y 176803

Drill: .04331  Tool: 4  Feed: 139  Speed: 550
X 398000  Y 140000
X 409811  Y 151811
X 398000  Y 151811

Drill: .04724  Tool: 5  Feed: 139  Speed: 550
X 409811  Y 140000
X 414960  Y 640929
X 444881  Y 640929
X 474960  Y 640929
X 504881  Y 640929

Drill: .06693  Tool: 6  Feed: 89  Speed: 550
X 453732  Y 493905
X 453732  Y 564771
X 507275  Y 564771
X 507275  Y 493905

Drill: .11811  Tool: 7  Feed: 69  Speed: 658
X 456952  Y 151803
X 501952  Y 151803

Drill: .12205  Tool: 8  Feed: 35  Speed: 794
X 198425  Y 257480
X 198425  Y 592125
X 434645  Y 592125
X 434645  Y 257480

Drill: .12402  Tool: 9  Feed: 35  Speed: 794
X 403905  Y 123070

Drill: .17717  Tool: 10  Feed: 35  Speed: 1033
X 131118  Y 125433
X 161118  Y 125433

End of Listing
